<?xml version="1.0" encoding="UTF-8"?>
<testsuite name="TestNullableTypes" tests="5" skipped="0" failures="0" errors="0" timestamp="2021-09-05T14:06:00" hostname="BULAT-DELL" time="0.029">
  <properties/>
  <testcase name="everythingIsOk" classname="TestNullableTypes" time="0.012"/>
  <testcase name="noClient" classname="TestNullableTypes" time="0.003"/>
  <testcase name="noMessage" classname="TestNullableTypes" time="0.004"/>
  <testcase name="noPersonalInfo" classname="TestNullableTypes" time="0.003"/>
  <testcase name="noEmail" classname="TestNullableTypes" time="0.003"/>
  <system-out><![CDATA[]]></system-out>
  <system-err><![CDATA[]]></system-err>
</testsuite>
