<?xml version="1.0" encoding="UTF-8"?>
<testsuite name="TestComparison" tests="2" skipped="0" failures="0" errors="0" timestamp="2021-09-06T11:23:47" hostname="BULAT-DELL" time="0.018">
  <properties/>
  <testcase name="testAfter" classname="TestComparison" time="0.011"/>
  <testcase name="testBefore" classname="TestComparison" time="0.005"/>
  <system-out><![CDATA[]]></system-out>
  <system-err><![CDATA[]]></system-err>
</testsuite>
