<?xml version="1.0" encoding="UTF-8"?>
<testsuite name="TestProperties" tests="1" skipped="0" failures="0" errors="0" timestamp="2021-09-08T09:25:46" hostname="BULAT-DELL" time="0.006">
  <properties/>
  <testcase name="testPropertyWithCounter" classname="TestProperties" time="0.006"/>
  <system-out><![CDATA[]]></system-out>
  <system-err><![CDATA[]]></system-err>
</testsuite>
