<?xml version="1.0" encoding="UTF-8"?>
<testsuite name="TestDelegatesExamples" tests="2" skipped="0" failures="0" errors="0" timestamp="2021-09-08T09:36:28" hostname="BULAT-DELL" time="0.037">
  <properties/>
  <testcase name="testLazy" classname="TestDelegatesExamples" time="0.032"/>
  <testcase name="initializedOnce" classname="TestDelegatesExamples" time="0.005"/>
  <system-out><![CDATA[]]></system-out>
  <system-err><![CDATA[]]></system-err>
</testsuite>
