<?xml version="1.0" encoding="UTF-8"?>
<testsuite name="TestIntroduction" tests="1" skipped="0" failures="0" errors="0" timestamp="2021-09-07T09:02:14" hostname="BULAT-DELL" time="0.052">
  <properties/>
  <testcase name="testSetOfCustomers" classname="TestIntroduction" time="0.052"/>
  <system-out><![CDATA[]]></system-out>
  <system-err><![CDATA[]]></system-err>
</testsuite>
