<?xml version="1.0" encoding="UTF-8"?>
<testsuite name="TestAssociate" tests="3" skipped="0" failures="0" errors="0" timestamp="2021-09-07T10:59:39" hostname="BULAT-DELL" time="0.062">
  <properties/>
  <testcase name="testAssociate" classname="TestAssociate" time="0.056"/>
  <testcase name="testAssociateBy" classname="TestAssociate" time="0.001"/>
  <testcase name="testAssociateWith" classname="TestAssociate" time="0.004"/>
  <system-out><![CDATA[]]></system-out>
  <system-err><![CDATA[]]></system-err>
</testsuite>
