<?xml version="1.0" encoding="UTF-8"?>
<testsuite name="TestInvoke" tests="2" skipped="0" failures="0" errors="0" timestamp="2021-09-06T12:53:31" hostname="BULAT-DELL" time="0.027">
  <properties/>
  <testcase name="testInvokeTwice" classname="TestInvoke" time="0.02"/>
  <testcase name="testNumberOfInvocations" classname="TestInvoke" time="0.006"/>
  <system-out><![CDATA[]]></system-out>
  <system-err><![CDATA[]]></system-err>
</testsuite>
