<?xml version="1.0" encoding="UTF-8"?>
<testsuite name="TestDataClasses" tests="2" skipped="0" failures="0" errors="0" timestamp="2021-09-05T18:18:46" hostname="BULAT-DELL" time="0.038">
  <properties/>
  <testcase name="testComparePeople" classname="TestDataClasses" time="0.009"/>
  <testcase name="testListOfPeople" classname="TestDataClasses" time="0.029"/>
  <system-out><![CDATA[]]></system-out>
  <system-err><![CDATA[]]></system-err>
</testsuite>
