<?xml version="1.0" encoding="UTF-8"?>
<testsuite name="TestFlatMap" tests="2" skipped="0" failures="0" errors="0" timestamp="2021-09-07T11:19:18" hostname="BULAT-DELL" time="0.056">
  <properties/>
  <testcase name="testGetOrderedProductsSet" classname="TestFlatMap" time="0.051"/>
  <testcase name="testGetAllOrderedProducts" classname="TestFlatMap" time="0.004"/>
  <system-out><![CDATA[]]></system-out>
  <system-err><![CDATA[]]></system-err>
</testsuite>
