<?xml version="1.0" encoding="UTF-8"?>
<testsuite name="TestRangeTo" tests="3" skipped="0" failures="0" errors="0" timestamp="2021-09-06T11:50:36" hostname="BULAT-DELL" time="0.014">
  <properties/>
  <testcase name="testAfter" classname="TestRangeTo" time="0.008"/>
  <testcase name="testBefore" classname="TestRangeTo" time="0.001"/>
  <testcase name="testInRange" classname="TestRangeTo" time="0.004"/>
  <system-out><![CDATA[]]></system-out>
  <system-err><![CDATA[]]></system-err>
</testsuite>
